<?xml version="1.0" encoding="UTF-8"?>
<testng-results ignored="0" total="1" passed="1" failed="0" skipped="0">
  <reporter-output>
  </reporter-output>
  <suite started-at="2023-08-02T16:18:28 IST" name="Default suite" finished-at="2023-08-02T16:18:40 IST" duration-ms="12336">
    <groups>
    </groups>
    <test started-at="2023-08-02T16:18:28 IST" name="Default test" finished-at="2023-08-02T16:18:40 IST" duration-ms="12336">
      <class name="com.proName.registrationtests.RegistrationTest">
        <test-method is-config="true" signature="Launch()[pri:0, instance:com.proName.registrationtests.RegistrationTest@26e356f0]" started-at="2023-08-02T16:18:28 IST" name="Launch" finished-at="2023-08-02T16:18:36 IST" duration-ms="8287" status="PASS">
          <reporter-output>
          </reporter-output>
        </test-method> <!-- Launch -->
        <test-method signature="checkReg()[pri:0, instance:com.proName.registrationtests.RegistrationTest@26e356f0]" started-at="2023-08-02T16:18:36 IST" name="checkReg" finished-at="2023-08-02T16:18:40 IST" duration-ms="3978" status="PASS">
          <reporter-output>
          </reporter-output>
        </test-method> <!-- checkReg -->
        <test-method is-config="true" signature="Close()[pri:0, instance:com.proName.registrationtests.RegistrationTest@26e356f0]" started-at="2023-08-02T16:18:40 IST" name="Close" finished-at="2023-08-02T16:18:40 IST" duration-ms="1" status="PASS">
          <reporter-output>
          </reporter-output>
        </test-method> <!-- Close -->
      </class> <!-- com.proName.registrationtests.RegistrationTest -->
    </test> <!-- Default test -->
  </suite> <!-- Default suite -->
</testng-results>
